2022-12-05 08:49:19.490  INFO 465 --- [main] groKart_app.Main                         : Starting Main using Java 18.0.2.1 on pop-os with PID 465 (/home/charlie/309/1_cw_3/Backend/groKart_v3/target/classes started by charlie in /home/charlie/309/1_cw_3/Backend/groKart_v3)
2022-12-05 08:49:19.497  INFO 465 --- [main] groKart_app.Main                         : No active profile set, falling back to default profiles: default
2022-12-05 08:49:20.231  INFO 465 --- [main] .s.d.r.c.RepositoryConfigurationDelegate : Bootstrapping Spring Data JPA repositories in DEFAULT mode.
2022-12-05 08:49:20.287  INFO 465 --- [main] .s.d.r.c.RepositoryConfigurationDelegate : Finished Spring Data repository scanning in 48 ms. Found 5 JPA repository interfaces.
2022-12-05 08:49:21.016  INFO 465 --- [main] o.s.b.w.embedded.tomcat.TomcatWebServer  : Tomcat initialized with port(s): 8080 (http)
2022-12-05 08:49:21.026  INFO 465 --- [main] o.apache.catalina.core.StandardService   : Starting service [Tomcat]
2022-12-05 08:49:21.026  INFO 465 --- [main] org.apache.catalina.core.StandardEngine  : Starting Servlet engine: [Apache Tomcat/9.0.39]
2022-12-05 08:49:21.102  INFO 465 --- [main] o.a.c.c.C.[Tomcat].[localhost].[/]       : Initializing Spring embedded WebApplicationContext
2022-12-05 08:49:21.102  INFO 465 --- [main] w.s.c.ServletWebServerApplicationContext : Root WebApplicationContext: initialization completed in 1534 ms
2022-12-05 08:49:21.299  INFO 465 --- [main] o.hibernate.jpa.internal.util.LogHelper  : HHH000204: Processing PersistenceUnitInfo [name: default]
2022-12-05 08:49:21.347  INFO 465 --- [main] org.hibernate.Version                    : HHH000412: Hibernate ORM core version 5.4.23.Final
2022-12-05 08:49:21.480  INFO 465 --- [main] o.hibernate.annotations.common.Version   : HCANN000001: Hibernate Commons Annotations {5.1.2.Final}
2022-12-05 08:49:21.567  INFO 465 --- [main] com.zaxxer.hikari.HikariDataSource       : HikariPool-1 - Starting...
2022-12-05 08:49:21.768  INFO 465 --- [main] com.zaxxer.hikari.HikariDataSource       : HikariPool-1 - Start completed.
2022-12-05 08:49:21.802  INFO 465 --- [main] org.hibernate.dialect.Dialect            : HHH000400: Using dialect: org.hibernate.dialect.MySQL55Dialect
2022-12-05 08:49:22.652  INFO 465 --- [main] o.h.e.t.j.p.i.JtaPlatformInitiator       : HHH000490: Using JtaPlatform implementation: [org.hibernate.engine.transaction.jta.platform.internal.NoJtaPlatform]
2022-12-05 08:49:22.661  INFO 465 --- [main] j.LocalContainerEntityManagerFactoryBean : Initialized JPA EntityManagerFactory for persistence unit 'default'
2022-12-05 08:49:23.495  WARN 465 --- [main] JpaBaseConfiguration$JpaWebConfiguration : spring.jpa.open-in-view is enabled by default. Therefore, database queries may be performed during view rendering. Explicitly configure spring.jpa.open-in-view to disable this warning
2022-12-05 08:49:23.790  INFO 465 --- [main] o.s.s.concurrent.ThreadPoolTaskExecutor  : Initializing ExecutorService 'applicationTaskExecutor'
2022-12-05 08:49:23.971  INFO 465 --- [main] o.s.b.w.embedded.tomcat.TomcatWebServer  : Tomcat started on port(s): 8080 (http) with context path ''
2022-12-05 08:49:24.421  INFO 465 --- [main] groKart_app.Main                         : Started Main in 5.372 seconds (JVM running for 5.81)
2022-12-05 08:49:56.710  INFO 465 --- [SpringContextShutdownHook] o.s.s.concurrent.ThreadPoolTaskExecutor  : Shutting down ExecutorService 'applicationTaskExecutor'
2022-12-05 08:49:56.717  INFO 465 --- [SpringContextShutdownHook] j.LocalContainerEntityManagerFactoryBean : Closing JPA EntityManagerFactory for persistence unit 'default'
2022-12-05 08:49:56.720  INFO 465 --- [SpringContextShutdownHook] com.zaxxer.hikari.HikariDataSource       : HikariPool-1 - Shutdown initiated...
2022-12-05 08:49:56.730  INFO 465 --- [SpringContextShutdownHook] com.zaxxer.hikari.HikariDataSource       : HikariPool-1 - Shutdown completed.
2022-12-05 08:50:13.633  INFO 610 --- [main] groKart_app.Main                         : Starting Main using Java 18.0.2.1 on pop-os with PID 610 (/home/charlie/309/1_cw_3/Backend/groKart_v3/target/classes started by charlie in /home/charlie/309/1_cw_3/Backend/groKart_v3)
2022-12-05 08:50:13.636  INFO 610 --- [main] groKart_app.Main                         : No active profile set, falling back to default profiles: default
2022-12-05 08:50:14.357  INFO 610 --- [main] .s.d.r.c.RepositoryConfigurationDelegate : Bootstrapping Spring Data JPA repositories in DEFAULT mode.
2022-12-05 08:50:14.409  INFO 610 --- [main] .s.d.r.c.RepositoryConfigurationDelegate : Finished Spring Data repository scanning in 45 ms. Found 5 JPA repository interfaces.
2022-12-05 08:50:15.189  INFO 610 --- [main] o.s.b.w.embedded.tomcat.TomcatWebServer  : Tomcat initialized with port(s): 8080 (http)
2022-12-05 08:50:15.199  INFO 610 --- [main] o.apache.catalina.core.StandardService   : Starting service [Tomcat]
2022-12-05 08:50:15.200  INFO 610 --- [main] org.apache.catalina.core.StandardEngine  : Starting Servlet engine: [Apache Tomcat/9.0.39]
2022-12-05 08:50:15.273  INFO 610 --- [main] o.a.c.c.C.[Tomcat].[localhost].[/]       : Initializing Spring embedded WebApplicationContext
2022-12-05 08:50:15.273  INFO 610 --- [main] w.s.c.ServletWebServerApplicationContext : Root WebApplicationContext: initialization completed in 1560 ms
2022-12-05 08:50:15.463  INFO 610 --- [main] o.hibernate.jpa.internal.util.LogHelper  : HHH000204: Processing PersistenceUnitInfo [name: default]
2022-12-05 08:50:15.500  INFO 610 --- [main] org.hibernate.Version                    : HHH000412: Hibernate ORM core version 5.4.23.Final
2022-12-05 08:50:15.594  INFO 610 --- [main] o.hibernate.annotations.common.Version   : HCANN000001: Hibernate Commons Annotations {5.1.2.Final}
2022-12-05 08:50:15.663  INFO 610 --- [main] com.zaxxer.hikari.HikariDataSource       : HikariPool-1 - Starting...
2022-12-05 08:50:15.860  INFO 610 --- [main] com.zaxxer.hikari.HikariDataSource       : HikariPool-1 - Start completed.
2022-12-05 08:50:15.887  INFO 610 --- [main] org.hibernate.dialect.Dialect            : HHH000400: Using dialect: org.hibernate.dialect.MySQL55Dialect
2022-12-05 08:50:16.727  INFO 610 --- [main] o.h.e.t.j.p.i.JtaPlatformInitiator       : HHH000490: Using JtaPlatform implementation: [org.hibernate.engine.transaction.jta.platform.internal.NoJtaPlatform]
2022-12-05 08:50:16.741  INFO 610 --- [main] j.LocalContainerEntityManagerFactoryBean : Initialized JPA EntityManagerFactory for persistence unit 'default'
2022-12-05 08:50:17.550  WARN 610 --- [main] JpaBaseConfiguration$JpaWebConfiguration : spring.jpa.open-in-view is enabled by default. Therefore, database queries may be performed during view rendering. Explicitly configure spring.jpa.open-in-view to disable this warning
2022-12-05 08:50:17.858  INFO 610 --- [main] o.s.s.concurrent.ThreadPoolTaskExecutor  : Initializing ExecutorService 'applicationTaskExecutor'
2022-12-05 08:50:18.053  INFO 610 --- [main] o.s.b.w.embedded.tomcat.TomcatWebServer  : Tomcat started on port(s): 8080 (http) with context path ''
2022-12-05 08:50:18.562  INFO 610 --- [main] groKart_app.Main                         : Started Main in 5.333 seconds (JVM running for 5.724)
2022-12-05 09:30:21.901  INFO 610 --- [SpringContextShutdownHook] o.s.s.concurrent.ThreadPoolTaskExecutor  : Shutting down ExecutorService 'applicationTaskExecutor'
2022-12-05 09:30:21.905  INFO 610 --- [SpringContextShutdownHook] j.LocalContainerEntityManagerFactoryBean : Closing JPA EntityManagerFactory for persistence unit 'default'
2022-12-05 09:30:21.907  INFO 610 --- [SpringContextShutdownHook] com.zaxxer.hikari.HikariDataSource       : HikariPool-1 - Shutdown initiated...
2022-12-05 09:30:21.915  INFO 610 --- [SpringContextShutdownHook] com.zaxxer.hikari.HikariDataSource       : HikariPool-1 - Shutdown completed.
2022-12-05 09:30:46.510  INFO 765 --- [main] groKart_app.Main                         : Starting Main using Java 18.0.2.1 on pop-os with PID 765 (/home/charlie/309/1_cw_3/Backend/groKart_v3/target/classes started by charlie in /home/charlie/309/1_cw_3/Backend/groKart_v3)
2022-12-05 09:30:46.513  INFO 765 --- [main] groKart_app.Main                         : No active profile set, falling back to default profiles: default
2022-12-05 09:30:47.264  INFO 765 --- [main] .s.d.r.c.RepositoryConfigurationDelegate : Bootstrapping Spring Data JPA repositories in DEFAULT mode.
2022-12-05 09:30:47.319  INFO 765 --- [main] .s.d.r.c.RepositoryConfigurationDelegate : Finished Spring Data repository scanning in 48 ms. Found 5 JPA repository interfaces.
2022-12-05 09:30:48.070  INFO 765 --- [main] o.s.b.w.embedded.tomcat.TomcatWebServer  : Tomcat initialized with port(s): 8080 (http)
2022-12-05 09:30:48.082  INFO 765 --- [main] o.apache.catalina.core.StandardService   : Starting service [Tomcat]
2022-12-05 09:30:48.082  INFO 765 --- [main] org.apache.catalina.core.StandardEngine  : Starting Servlet engine: [Apache Tomcat/9.0.39]
2022-12-05 09:30:48.155  INFO 765 --- [main] o.a.c.c.C.[Tomcat].[localhost].[/]       : Initializing Spring embedded WebApplicationContext
2022-12-05 09:30:48.155  INFO 765 --- [main] w.s.c.ServletWebServerApplicationContext : Root WebApplicationContext: initialization completed in 1572 ms
2022-12-05 09:30:48.367  INFO 765 --- [main] o.hibernate.jpa.internal.util.LogHelper  : HHH000204: Processing PersistenceUnitInfo [name: default]
2022-12-05 09:30:48.405  INFO 765 --- [main] org.hibernate.Version                    : HHH000412: Hibernate ORM core version 5.4.23.Final
2022-12-05 09:30:48.517  INFO 765 --- [main] o.hibernate.annotations.common.Version   : HCANN000001: Hibernate Commons Annotations {5.1.2.Final}
2022-12-05 09:30:48.596  INFO 765 --- [main] com.zaxxer.hikari.HikariDataSource       : HikariPool-1 - Starting...
2022-12-05 09:30:48.792  INFO 765 --- [main] com.zaxxer.hikari.HikariDataSource       : HikariPool-1 - Start completed.
2022-12-05 09:30:48.827  INFO 765 --- [main] org.hibernate.dialect.Dialect            : HHH000400: Using dialect: org.hibernate.dialect.MySQL55Dialect
2022-12-05 09:30:49.665  INFO 765 --- [main] o.h.e.t.j.p.i.JtaPlatformInitiator       : HHH000490: Using JtaPlatform implementation: [org.hibernate.engine.transaction.jta.platform.internal.NoJtaPlatform]
2022-12-05 09:30:49.676  INFO 765 --- [main] j.LocalContainerEntityManagerFactoryBean : Initialized JPA EntityManagerFactory for persistence unit 'default'
2022-12-05 09:30:50.590  WARN 765 --- [main] JpaBaseConfiguration$JpaWebConfiguration : spring.jpa.open-in-view is enabled by default. Therefore, database queries may be performed during view rendering. Explicitly configure spring.jpa.open-in-view to disable this warning
2022-12-05 09:30:50.890  INFO 765 --- [main] o.s.s.concurrent.ThreadPoolTaskExecutor  : Initializing ExecutorService 'applicationTaskExecutor'
2022-12-05 09:30:51.093  INFO 765 --- [main] o.s.b.w.embedded.tomcat.TomcatWebServer  : Tomcat started on port(s): 8080 (http) with context path ''
2022-12-05 09:30:51.676  INFO 765 --- [main] groKart_app.Main                         : Started Main in 5.579 seconds (JVM running for 5.943)
2022-12-05 09:30:54.306  INFO 765 --- [http-nio-8080-exec-2] o.a.c.c.C.[Tomcat].[localhost].[/]       : Initializing Spring DispatcherServlet 'dispatcherServlet'
2022-12-05 09:30:54.307  INFO 765 --- [http-nio-8080-exec-2] o.s.web.servlet.DispatcherServlet        : Initializing Servlet 'dispatcherServlet'
2022-12-05 09:30:54.309  INFO 765 --- [http-nio-8080-exec-2] o.s.web.servlet.DispatcherServlet        : Completed initialization in 2 ms
2022-12-05 09:31:58.349  INFO 765 --- [SpringContextShutdownHook] o.s.s.concurrent.ThreadPoolTaskExecutor  : Shutting down ExecutorService 'applicationTaskExecutor'
2022-12-05 09:31:58.357  INFO 765 --- [SpringContextShutdownHook] j.LocalContainerEntityManagerFactoryBean : Closing JPA EntityManagerFactory for persistence unit 'default'
2022-12-05 09:31:58.360  INFO 765 --- [SpringContextShutdownHook] com.zaxxer.hikari.HikariDataSource       : HikariPool-1 - Shutdown initiated...
2022-12-05 09:31:58.371  INFO 765 --- [SpringContextShutdownHook] com.zaxxer.hikari.HikariDataSource       : HikariPool-1 - Shutdown completed.
2022-12-05 09:34:34.824  INFO 956 --- [main] groKart_app.Main                         : Starting Main using Java 18.0.2.1 on pop-os with PID 956 (/home/charlie/309/1_cw_3/Backend/groKart_v3/target/classes started by charlie in /home/charlie/309/1_cw_3/Backend/groKart_v3)
2022-12-05 09:34:34.827  INFO 956 --- [main] groKart_app.Main                         : No active profile set, falling back to default profiles: default
2022-12-05 09:34:35.567  INFO 956 --- [main] .s.d.r.c.RepositoryConfigurationDelegate : Bootstrapping Spring Data JPA repositories in DEFAULT mode.
2022-12-05 09:34:35.626  INFO 956 --- [main] .s.d.r.c.RepositoryConfigurationDelegate : Finished Spring Data repository scanning in 50 ms. Found 5 JPA repository interfaces.
2022-12-05 09:34:36.336  INFO 956 --- [main] o.s.b.w.embedded.tomcat.TomcatWebServer  : Tomcat initialized with port(s): 8080 (http)
2022-12-05 09:34:36.347  INFO 956 --- [main] o.apache.catalina.core.StandardService   : Starting service [Tomcat]
2022-12-05 09:34:36.348  INFO 956 --- [main] org.apache.catalina.core.StandardEngine  : Starting Servlet engine: [Apache Tomcat/9.0.39]
2022-12-05 09:34:36.420  INFO 956 --- [main] o.a.c.c.C.[Tomcat].[localhost].[/]       : Initializing Spring embedded WebApplicationContext
2022-12-05 09:34:36.420  INFO 956 --- [main] w.s.c.ServletWebServerApplicationContext : Root WebApplicationContext: initialization completed in 1520 ms
2022-12-05 09:34:36.604  INFO 956 --- [main] o.hibernate.jpa.internal.util.LogHelper  : HHH000204: Processing PersistenceUnitInfo [name: default]
2022-12-05 09:34:36.646  INFO 956 --- [main] org.hibernate.Version                    : HHH000412: Hibernate ORM core version 5.4.23.Final
2022-12-05 09:34:36.741  INFO 956 --- [main] o.hibernate.annotations.common.Version   : HCANN000001: Hibernate Commons Annotations {5.1.2.Final}
2022-12-05 09:34:36.812  INFO 956 --- [main] com.zaxxer.hikari.HikariDataSource       : HikariPool-1 - Starting...
2022-12-05 09:34:37.013  INFO 956 --- [main] com.zaxxer.hikari.HikariDataSource       : HikariPool-1 - Start completed.
2022-12-05 09:34:37.045  INFO 956 --- [main] org.hibernate.dialect.Dialect            : HHH000400: Using dialect: org.hibernate.dialect.MySQL55Dialect
2022-12-05 09:34:37.808  INFO 956 --- [main] o.h.e.t.j.p.i.JtaPlatformInitiator       : HHH000490: Using JtaPlatform implementation: [org.hibernate.engine.transaction.jta.platform.internal.NoJtaPlatform]
2022-12-05 09:34:37.818  INFO 956 --- [main] j.LocalContainerEntityManagerFactoryBean : Initialized JPA EntityManagerFactory for persistence unit 'default'
2022-12-05 09:34:38.688  WARN 956 --- [main] JpaBaseConfiguration$JpaWebConfiguration : spring.jpa.open-in-view is enabled by default. Therefore, database queries may be performed during view rendering. Explicitly configure spring.jpa.open-in-view to disable this warning
2022-12-05 09:34:38.989  INFO 956 --- [main] o.s.s.concurrent.ThreadPoolTaskExecutor  : Initializing ExecutorService 'applicationTaskExecutor'
2022-12-05 09:34:39.178  INFO 956 --- [main] o.s.b.w.embedded.tomcat.TomcatWebServer  : Tomcat started on port(s): 8080 (http) with context path ''
2022-12-05 09:34:39.806  INFO 956 --- [main] groKart_app.Main                         : Started Main in 5.412 seconds (JVM running for 5.799)
2022-12-05 09:35:01.761  INFO 956 --- [SpringContextShutdownHook] o.s.s.concurrent.ThreadPoolTaskExecutor  : Shutting down ExecutorService 'applicationTaskExecutor'
2022-12-05 09:35:01.766  INFO 956 --- [SpringContextShutdownHook] j.LocalContainerEntityManagerFactoryBean : Closing JPA EntityManagerFactory for persistence unit 'default'
2022-12-05 09:35:01.768  INFO 956 --- [SpringContextShutdownHook] com.zaxxer.hikari.HikariDataSource       : HikariPool-1 - Shutdown initiated...
2022-12-05 09:35:01.778  INFO 956 --- [SpringContextShutdownHook] com.zaxxer.hikari.HikariDataSource       : HikariPool-1 - Shutdown completed.
2022-12-05 09:35:06.584  INFO 1094 --- [main] groKart_app.Main                         : Starting Main using Java 18.0.2.1 on pop-os with PID 1094 (/home/charlie/309/1_cw_3/Backend/groKart_v3/target/classes started by charlie in /home/charlie/309/1_cw_3/Backend/groKart_v3)
2022-12-05 09:35:06.587  INFO 1094 --- [main] groKart_app.Main                         : No active profile set, falling back to default profiles: default
2022-12-05 09:35:07.305  INFO 1094 --- [main] .s.d.r.c.RepositoryConfigurationDelegate : Bootstrapping Spring Data JPA repositories in DEFAULT mode.
2022-12-05 09:35:07.357  INFO 1094 --- [main] .s.d.r.c.RepositoryConfigurationDelegate : Finished Spring Data repository scanning in 45 ms. Found 5 JPA repository interfaces.
2022-12-05 09:35:08.071  INFO 1094 --- [main] o.s.b.w.embedded.tomcat.TomcatWebServer  : Tomcat initialized with port(s): 8080 (http)
2022-12-05 09:35:08.081  INFO 1094 --- [main] o.apache.catalina.core.StandardService   : Starting service [Tomcat]
2022-12-05 09:35:08.081  INFO 1094 --- [main] org.apache.catalina.core.StandardEngine  : Starting Servlet engine: [Apache Tomcat/9.0.39]
2022-12-05 09:35:08.151  INFO 1094 --- [main] o.a.c.c.C.[Tomcat].[localhost].[/]       : Initializing Spring embedded WebApplicationContext
2022-12-05 09:35:08.151  INFO 1094 --- [main] w.s.c.ServletWebServerApplicationContext : Root WebApplicationContext: initialization completed in 1493 ms
2022-12-05 09:35:08.361  INFO 1094 --- [main] o.hibernate.jpa.internal.util.LogHelper  : HHH000204: Processing PersistenceUnitInfo [name: default]
2022-12-05 09:35:08.397  INFO 1094 --- [main] org.hibernate.Version                    : HHH000412: Hibernate ORM core version 5.4.23.Final
2022-12-05 09:35:08.492  INFO 1094 --- [main] o.hibernate.annotations.common.Version   : HCANN000001: Hibernate Commons Annotations {5.1.2.Final}
2022-12-05 09:35:08.565  INFO 1094 --- [main] com.zaxxer.hikari.HikariDataSource       : HikariPool-1 - Starting...
2022-12-05 09:35:08.797  INFO 1094 --- [main] com.zaxxer.hikari.HikariDataSource       : HikariPool-1 - Start completed.
2022-12-05 09:35:08.843  INFO 1094 --- [main] org.hibernate.dialect.Dialect            : HHH000400: Using dialect: org.hibernate.dialect.MySQL55Dialect
2022-12-05 09:35:09.681  INFO 1094 --- [main] o.h.e.t.j.p.i.JtaPlatformInitiator       : HHH000490: Using JtaPlatform implementation: [org.hibernate.engine.transaction.jta.platform.internal.NoJtaPlatform]
2022-12-05 09:35:09.692  INFO 1094 --- [main] j.LocalContainerEntityManagerFactoryBean : Initialized JPA EntityManagerFactory for persistence unit 'default'
2022-12-05 09:35:10.546  WARN 1094 --- [main] JpaBaseConfiguration$JpaWebConfiguration : spring.jpa.open-in-view is enabled by default. Therefore, database queries may be performed during view rendering. Explicitly configure spring.jpa.open-in-view to disable this warning
2022-12-05 09:35:10.829  INFO 1094 --- [main] o.s.s.concurrent.ThreadPoolTaskExecutor  : Initializing ExecutorService 'applicationTaskExecutor'
2022-12-05 09:35:11.059  INFO 1094 --- [main] o.s.b.w.embedded.tomcat.TomcatWebServer  : Tomcat started on port(s): 8080 (http) with context path ''
2022-12-05 09:35:11.406  INFO 1094 --- [http-nio-8080-exec-1] o.a.c.c.C.[Tomcat].[localhost].[/]       : Initializing Spring DispatcherServlet 'dispatcherServlet'
2022-12-05 09:35:11.407  INFO 1094 --- [http-nio-8080-exec-1] o.s.web.servlet.DispatcherServlet        : Initializing Servlet 'dispatcherServlet'
2022-12-05 09:35:11.408  INFO 1094 --- [http-nio-8080-exec-1] o.s.web.servlet.DispatcherServlet        : Completed initialization in 1 ms
2022-12-05 09:35:11.726  INFO 1094 --- [main] groKart_app.Main                         : Started Main in 5.547 seconds (JVM running for 5.881)
2022-12-05 09:35:55.339  INFO 1094 --- [SpringContextShutdownHook] o.s.s.concurrent.ThreadPoolTaskExecutor  : Shutting down ExecutorService 'applicationTaskExecutor'
2022-12-05 09:35:55.346  INFO 1094 --- [SpringContextShutdownHook] j.LocalContainerEntityManagerFactoryBean : Closing JPA EntityManagerFactory for persistence unit 'default'
2022-12-05 09:35:55.349  INFO 1094 --- [SpringContextShutdownHook] com.zaxxer.hikari.HikariDataSource       : HikariPool-1 - Shutdown initiated...
2022-12-05 09:35:55.360  INFO 1094 --- [SpringContextShutdownHook] com.zaxxer.hikari.HikariDataSource       : HikariPool-1 - Shutdown completed.
2022-12-05 09:36:19.430  INFO 1238 --- [main] groKart_app.Main                         : Starting Main using Java 18.0.2.1 on pop-os with PID 1238 (/home/charlie/309/1_cw_3/Backend/groKart_v3/target/classes started by charlie in /home/charlie/309/1_cw_3/Backend/groKart_v3)
2022-12-05 09:36:19.433  INFO 1238 --- [main] groKart_app.Main                         : No active profile set, falling back to default profiles: default
2022-12-05 09:36:20.169  INFO 1238 --- [main] .s.d.r.c.RepositoryConfigurationDelegate : Bootstrapping Spring Data JPA repositories in DEFAULT mode.
2022-12-05 09:36:20.234  INFO 1238 --- [main] .s.d.r.c.RepositoryConfigurationDelegate : Finished Spring Data repository scanning in 56 ms. Found 5 JPA repository interfaces.
2022-12-05 09:36:20.999  INFO 1238 --- [main] o.s.b.w.embedded.tomcat.TomcatWebServer  : Tomcat initialized with port(s): 8080 (http)
2022-12-05 09:36:21.009  INFO 1238 --- [main] o.apache.catalina.core.StandardService   : Starting service [Tomcat]
2022-12-05 09:36:21.010  INFO 1238 --- [main] org.apache.catalina.core.StandardEngine  : Starting Servlet engine: [Apache Tomcat/9.0.39]
2022-12-05 09:36:21.082  INFO 1238 --- [main] o.a.c.c.C.[Tomcat].[localhost].[/]       : Initializing Spring embedded WebApplicationContext
2022-12-05 09:36:21.083  INFO 1238 --- [main] w.s.c.ServletWebServerApplicationContext : Root WebApplicationContext: initialization completed in 1577 ms
2022-12-05 09:36:21.280  INFO 1238 --- [main] o.hibernate.jpa.internal.util.LogHelper  : HHH000204: Processing PersistenceUnitInfo [name: default]
2022-12-05 09:36:21.321  INFO 1238 --- [main] org.hibernate.Version                    : HHH000412: Hibernate ORM core version 5.4.23.Final
2022-12-05 09:36:21.435  INFO 1238 --- [main] o.hibernate.annotations.common.Version   : HCANN000001: Hibernate Commons Annotations {5.1.2.Final}
2022-12-05 09:36:21.517  INFO 1238 --- [main] com.zaxxer.hikari.HikariDataSource       : HikariPool-1 - Starting...
2022-12-05 09:36:21.701  INFO 1238 --- [main] com.zaxxer.hikari.HikariDataSource       : HikariPool-1 - Start completed.
2022-12-05 09:36:21.738  INFO 1238 --- [main] org.hibernate.dialect.Dialect            : HHH000400: Using dialect: org.hibernate.dialect.MySQL55Dialect
2022-12-05 09:36:22.513  INFO 1238 --- [main] o.h.e.t.j.p.i.JtaPlatformInitiator       : HHH000490: Using JtaPlatform implementation: [org.hibernate.engine.transaction.jta.platform.internal.NoJtaPlatform]
2022-12-05 09:36:22.527  INFO 1238 --- [main] j.LocalContainerEntityManagerFactoryBean : Initialized JPA EntityManagerFactory for persistence unit 'default'
2022-12-05 09:36:23.408  WARN 1238 --- [main] JpaBaseConfiguration$JpaWebConfiguration : spring.jpa.open-in-view is enabled by default. Therefore, database queries may be performed during view rendering. Explicitly configure spring.jpa.open-in-view to disable this warning
2022-12-05 09:36:23.714  INFO 1238 --- [main] o.s.s.concurrent.ThreadPoolTaskExecutor  : Initializing ExecutorService 'applicationTaskExecutor'
2022-12-05 09:36:23.973  INFO 1238 --- [main] o.s.b.w.embedded.tomcat.TomcatWebServer  : Tomcat started on port(s): 8080 (http) with context path ''
2022-12-05 09:36:24.587  INFO 1238 --- [main] groKart_app.Main                         : Started Main in 5.584 seconds (JVM running for 5.967)
2022-12-05 09:36:28.983  INFO 1238 --- [http-nio-8080-exec-1] o.a.c.c.C.[Tomcat].[localhost].[/]       : Initializing Spring DispatcherServlet 'dispatcherServlet'
2022-12-05 09:36:28.983  INFO 1238 --- [http-nio-8080-exec-1] o.s.web.servlet.DispatcherServlet        : Initializing Servlet 'dispatcherServlet'
2022-12-05 09:36:28.984  INFO 1238 --- [http-nio-8080-exec-1] o.s.web.servlet.DispatcherServlet        : Completed initialization in 1 ms
2022-12-05 09:37:58.201  INFO 1238 --- [SpringContextShutdownHook] o.s.s.concurrent.ThreadPoolTaskExecutor  : Shutting down ExecutorService 'applicationTaskExecutor'
2022-12-05 09:37:58.210  INFO 1238 --- [SpringContextShutdownHook] j.LocalContainerEntityManagerFactoryBean : Closing JPA EntityManagerFactory for persistence unit 'default'
2022-12-05 09:37:58.214  INFO 1238 --- [SpringContextShutdownHook] com.zaxxer.hikari.HikariDataSource       : HikariPool-1 - Shutdown initiated...
2022-12-05 09:37:58.225  INFO 1238 --- [SpringContextShutdownHook] com.zaxxer.hikari.HikariDataSource       : HikariPool-1 - Shutdown completed.
